<?xml version="1.0" encoding="UTF-8"?>
<!-- Generated by org.testng.reporters.JUnitXMLReporter -->
<testsuite ignored="0" hostname="jooyans-MBP" failures="0" tests="2" name="Default test" time="1.207" errors="0" timestamp="2020-05-12T13:12:18 BST">
  <testcase classname="com.qtpselenium.cor.ddf.testcases.DummyTestB" name="testB" time="0.014">
    <skipped/>
  </testcase> <!-- testB -->
  <testcase classname="com.qtpselenium.cor.ddf.testcases.DummyTestB" name="testB" time="0.002">
    <skipped/>
  </testcase> <!-- testB -->
</testsuite> <!-- Default test -->
